<?xml version="1.0" encoding="UTF-8"?>
<testng-results ignored="0" total="1" passed="1" failed="0" skipped="0">
  <reporter-output>
  </reporter-output>
  <suite started-at="2022-05-26T16:46:16 IST" name="Suite" finished-at="2022-05-26T16:47:13 IST" duration-ms="56585">
    <groups>
      <group name="sanity">
        <method signature="CreateCampaignTest.createCampaignTest()[pri:0, instance:com.vtiger.campaignTest.CreateCampaignTest@6253c26]" name="createCampaignTest" class="com.vtiger.campaignTest.CreateCampaignTest"/>
      </group> <!-- sanity -->
    </groups>
    <test started-at="2022-05-26T16:46:16 IST" name="chrome" finished-at="2022-05-26T16:47:13 IST" duration-ms="56585">
      <class name="com.vtiger.campaignTest.CreateCampaignTest">
        <test-method is-config="true" signature="beforesuiteTest()[pri:0, instance:com.vtiger.campaignTest.CreateCampaignTest@6253c26]" started-at="2022-05-26T16:46:16 IST" name="beforesuiteTest" finished-at="2022-05-26T16:46:16 IST" duration-ms="13" status="PASS">
          <reporter-output>
          </reporter-output>
        </test-method> <!-- beforesuiteTest -->
        <test-method is-config="true" signature="beforeclassTest(java.lang.String)[pri:0, instance:com.vtiger.campaignTest.CreateCampaignTest@6253c26]" started-at="2022-05-26T16:46:17 IST" name="beforeclassTest" finished-at="2022-05-26T16:46:26 IST" duration-ms="9052" status="PASS">
          <params>
            <param index="0">
              <value>
                <![CDATA[chrome]]>
              </value>
            </param>
          </params>
          <reporter-output>
          </reporter-output>
        </test-method> <!-- beforeclassTest -->
        <test-method is-config="true" signature="beforeMethodTest()[pri:0, instance:com.vtiger.campaignTest.CreateCampaignTest@6253c26]" started-at="2022-05-26T16:46:26 IST" name="beforeMethodTest" finished-at="2022-05-26T16:46:36 IST" duration-ms="10660" status="PASS">
          <reporter-output>
          </reporter-output>
        </test-method> <!-- beforeMethodTest -->
        <test-method signature="createCampaignTest()[pri:0, instance:com.vtiger.campaignTest.CreateCampaignTest@6253c26]" started-at="2022-05-26T16:46:36 IST" name="createCampaignTest" finished-at="2022-05-26T16:47:13 IST" duration-ms="36059" status="PASS">
          <reporter-output>
          </reporter-output>
        </test-method> <!-- createCampaignTest -->
        <test-method is-config="true" signature="afterMethodTest()[pri:0, instance:com.vtiger.campaignTest.CreateCampaignTest@6253c26]" started-at="2022-05-26T16:47:13 IST" name="afterMethodTest" finished-at="2022-05-26T16:47:13 IST" duration-ms="6" status="FAIL">
          <exception class="java.lang.NullPointerException">
            <message>
              <![CDATA[Cannot invoke "org.openqa.selenium.support.ui.WebDriverWait.until(java.util.function.Function)" because "this.wait" is null]]>
            </message>
            <full-stacktrace>
              <![CDATA[java.lang.NullPointerException: Cannot invoke "org.openqa.selenium.support.ui.WebDriverWait.until(java.util.function.Function)" because "this.wait" is null
at com.sdet34l1.genericlibrary.WebDriverUtility.WaitUntilElementVisible(WebDriverUtility.java:161)
at com.vtiger.objectRepository.HomePage.signOut(HomePage.java:81)
at com.sdet34l1.genericlibrary.BaseClass.afterMethodTest(BaseClass.java:142)
at java.base/jdk.internal.reflect.NativeMethodAccessorImpl.invoke0(Native Method)
at java.base/jdk.internal.reflect.NativeMethodAccessorImpl.invoke(NativeMethodAccessorImpl.java:78)
at java.base/jdk.internal.reflect.DelegatingMethodAccessorImpl.invoke(DelegatingMethodAccessorImpl.java:43)
at java.base/java.lang.reflect.Method.invoke(Method.java:567)
at org.testng.internal.MethodInvocationHelper.invokeMethod(MethodInvocationHelper.java:133)
at org.testng.internal.MethodInvocationHelper.invokeMethodConsideringTimeout(MethodInvocationHelper.java:62)
at org.testng.internal.ConfigInvoker.invokeConfigurationMethod(ConfigInvoker.java:385)
at org.testng.internal.ConfigInvoker.invokeConfigurations(ConfigInvoker.java:321)
at org.testng.internal.TestInvoker.runConfigMethods(TestInvoker.java:700)
at org.testng.internal.TestInvoker.runAfterGroupsConfigurations(TestInvoker.java:676)
at org.testng.internal.TestInvoker.invokeMethod(TestInvoker.java:660)
at org.testng.internal.TestInvoker.invokeTestMethod(TestInvoker.java:173)
at org.testng.internal.MethodRunner.runInSequence(MethodRunner.java:46)
at org.testng.internal.TestInvoker$MethodInvocationAgent.invoke(TestInvoker.java:824)
at org.testng.internal.TestInvoker.invokeTestMethods(TestInvoker.java:146)
at org.testng.internal.TestMethodWorker.invokeTestMethods(TestMethodWorker.java:146)
at org.testng.internal.TestMethodWorker.run(TestMethodWorker.java:128)
at java.base/java.util.ArrayList.forEach(ArrayList.java:1511)
at org.testng.TestRunner.privateRun(TestRunner.java:794)
at org.testng.TestRunner.run(TestRunner.java:596)
at org.testng.SuiteRunner.runTest(SuiteRunner.java:377)
at org.testng.SuiteRunner.runSequentially(SuiteRunner.java:371)
at org.testng.SuiteRunner.privateRun(SuiteRunner.java:332)
at org.testng.SuiteRunner.run(SuiteRunner.java:276)
at org.testng.SuiteRunnerWorker.runSuite(SuiteRunnerWorker.java:53)
at org.testng.SuiteRunnerWorker.run(SuiteRunnerWorker.java:96)
at org.testng.TestNG.runSuitesSequentially(TestNG.java:1212)
at org.testng.TestNG.runSuitesLocally(TestNG.java:1134)
at org.testng.TestNG.runSuites(TestNG.java:1063)
at org.testng.TestNG.run(TestNG.java:1031)
at org.testng.remote.AbstractRemoteTestNG.run(AbstractRemoteTestNG.java:115)
at org.testng.remote.RemoteTestNG.initAndRun(RemoteTestNG.java:251)
at org.testng.remote.RemoteTestNG.main(RemoteTestNG.java:77)
]]>
            </full-stacktrace>
          </exception> <!-- java.lang.NullPointerException -->
          <reporter-output>
          </reporter-output>
        </test-method> <!-- afterMethodTest -->
        <test-method is-config="true" signature="afterClassTest()[pri:0, instance:com.vtiger.campaignTest.CreateCampaignTest@6253c26]" started-at="2022-05-26T16:47:13 IST" name="afterClassTest" finished-at="1970-01-01T05:30:00 IST" duration-ms="-1653563833057" status="SKIP">
          <reporter-output>
          </reporter-output>
        </test-method> <!-- afterClassTest -->
        <test-method is-config="true" signature="afterSuiteTest()[pri:0, instance:com.vtiger.campaignTest.CreateCampaignTest@6253c26]" started-at="2022-05-26T16:47:13 IST" name="afterSuiteTest" finished-at="2022-05-26T16:47:14 IST" duration-ms="331" status="PASS">
          <reporter-output>
          </reporter-output>
        </test-method> <!-- afterSuiteTest -->
      </class> <!-- com.vtiger.campaignTest.CreateCampaignTest -->
    </test> <!-- chrome -->
  </suite> <!-- Suite -->
</testng-results>
